D:\PROJECTS\C\ECO.EDUCATION\ECO.PRACTICE\ECO.LAB1\ASSEMBLYFILES\WINDOWS\VISUALSTUDIO_10\ECO.LAB1\DYNAMICRELEASE\1F5DF16EE1BF43B999A434ED38FE8F3A.DLL.INTERMEDIATE.MANIFEST
D:\Projects\C\Eco.Education\Eco.Practice\Eco.Lab1\AssemblyFiles\Windows\VisualStudio_10\Eco.Lab1\DynamicRelease\1F5DF16EE1BF43B999A434ED38FE8F3A.exp
D:\Projects\C\Eco.Education\Eco.Practice\Eco.Lab1\AssemblyFiles\Windows\VisualStudio_10\Eco.Lab1\DynamicRelease\1F5DF16EE1BF43B999A434ED38FE8F3A.lib
D:\PROJECTS\C\ECO.EDUCATION\ECO.PRACTICE\ECO.LAB1\ASSEMBLYFILES\WINDOWS\VISUALSTUDIO_10\ECO.LAB1\DYNAMICRELEASE\1F5DF16EE1BF43B999A434ED38FE8F3A.PDB
D:\PROJECTS\C\ECO.EDUCATION\ECO.PRACTICE\ECO.LAB1\ASSEMBLYFILES\WINDOWS\VISUALSTUDIO_10\ECO.LAB1\DYNAMICRELEASE\CECOLAB1.OBJ
D:\PROJECTS\C\ECO.EDUCATION\ECO.PRACTICE\ECO.LAB1\ASSEMBLYFILES\WINDOWS\VISUALSTUDIO_10\ECO.LAB1\DYNAMICRELEASE\CECOLAB1CONNECTIONPOINT.OBJ
D:\PROJECTS\C\ECO.EDUCATION\ECO.PRACTICE\ECO.LAB1\ASSEMBLYFILES\WINDOWS\VISUALSTUDIO_10\ECO.LAB1\DYNAMICRELEASE\CECOLAB1ENUMCONNECTIONPOINTS.OBJ
D:\PROJECTS\C\ECO.EDUCATION\ECO.PRACTICE\ECO.LAB1\ASSEMBLYFILES\WINDOWS\VISUALSTUDIO_10\ECO.LAB1\DYNAMICRELEASE\CECOLAB1ENUMCONNECTIONS.OBJ
D:\PROJECTS\C\ECO.EDUCATION\ECO.PRACTICE\ECO.LAB1\ASSEMBLYFILES\WINDOWS\VISUALSTUDIO_10\ECO.LAB1\DYNAMICRELEASE\CECOLAB1FACTORY.OBJ
D:\Projects\C\Eco.Education\Eco.Practice\Eco.Lab1\AssemblyFiles\Windows\VisualStudio_10\Eco.Lab1\DynamicRelease\cl.command.1.tlog
D:\Projects\C\Eco.Education\Eco.Practice\Eco.Lab1\AssemblyFiles\Windows\VisualStudio_10\Eco.Lab1\DynamicRelease\CL.read.1.tlog
D:\Projects\C\Eco.Education\Eco.Practice\Eco.Lab1\AssemblyFiles\Windows\VisualStudio_10\Eco.Lab1\DynamicRelease\CL.write.1.tlog
D:\Projects\C\Eco.Education\Eco.Practice\Eco.Lab1\AssemblyFiles\Windows\VisualStudio_10\Eco.Lab1\DynamicRelease\Eco.Lab1.write.1.tlog
D:\Projects\C\Eco.Education\Eco.Practice\Eco.Lab1\AssemblyFiles\Windows\VisualStudio_10\Eco.Lab1\DynamicRelease\link.command.1.tlog
D:\Projects\C\Eco.Education\Eco.Practice\Eco.Lab1\AssemblyFiles\Windows\VisualStudio_10\Eco.Lab1\DynamicRelease\link.read.1.tlog
D:\Projects\C\Eco.Education\Eco.Practice\Eco.Lab1\AssemblyFiles\Windows\VisualStudio_10\Eco.Lab1\DynamicRelease\link.write.1.tlog
D:\Projects\C\Eco.Education\Eco.Practice\Eco.Lab1\AssemblyFiles\Windows\VisualStudio_10\Eco.Lab1\DynamicRelease\mt.command.1.tlog
D:\Projects\C\Eco.Education\Eco.Practice\Eco.Lab1\AssemblyFiles\Windows\VisualStudio_10\Eco.Lab1\DynamicRelease\mt.read.1.tlog
D:\Projects\C\Eco.Education\Eco.Practice\Eco.Lab1\AssemblyFiles\Windows\VisualStudio_10\Eco.Lab1\DynamicRelease\mt.write.1.tlog
D:\PROJECTS\C\ECO.EDUCATION\ECO.PRACTICE\ECO.LAB1\ASSEMBLYFILES\WINDOWS\VISUALSTUDIO_10\ECO.LAB1\DYNAMICRELEASE\VC100.PDB
D:\PROJECTS\C\ECO.EDUCATION\ECO.PRACTICE\ECO.LAB1\BUILDFILES\WINDOWS\X86\DYNAMICRELEASE\1F5DF16EE1BF43B999A434ED38FE8F3A.DLL
